<?xml version="1.0" encoding="UTF-8"?>
<!-- Generated by org.testng.reporters.JUnitReportReporter -->
<testsuite hostname="LAPTOP-0T6D4QF1" failures="0" tests="1" name="tests.User_signup" time="106.961" errors="0" timestamp="2021-08-05T13:58:03 WAT" skipped="0">
  <testcase classname="tests.User_signup" name="validate_registration" time="106.961"/>
  <system-out/>
</testsuite> <!-- tests.User_signup -->
